0 info it worked if it ends with ok
1 verbose cli [ 'C:\\Program Files\\nodejs\\node.exe',
1 verbose cli   'C:\\Program Files\\nodejs\\node_modules\\npm\\bin\\npm-cli.js',
1 verbose cli   'publish' ]
2 info using npm@3.7.3
3 info using node@v5.9.1
4 verbose publish [ '.' ]
5 silly cache add args [ '.', null ]
6 verbose cache add spec .
7 silly cache add parsed spec Result {
7 silly cache add   raw: '.',
7 silly cache add   scope: null,
7 silly cache add   name: null,
7 silly cache add   rawSpec: '.',
7 silly cache add   spec: 'E:\\HBuilderProject\\VPost',
7 silly cache add   type: 'directory' }
8 verbose addLocalDirectory C:\Users\liph\AppData\Roaming\npm-cache\vpost\0.0.3\package.tgz not in flight; packing
9 verbose correctMkdir C:\Users\liph\AppData\Roaming\npm-cache correctMkdir not in flight; initializing
10 info lifecycle vpost@0.0.3~prepublish: vpost@0.0.3
11 silly lifecycle vpost@0.0.3~prepublish: no script for prepublish, continuing
12 verbose tar pack [ 'C:\\Users\\liph\\AppData\\Roaming\\npm-cache\\vpost\\0.0.3\\package.tgz',
12 verbose tar pack   'E:\\HBuilderProject\\VPost' ]
13 verbose tarball C:\Users\liph\AppData\Roaming\npm-cache\vpost\0.0.3\package.tgz
14 verbose folder E:\HBuilderProject\VPost
15 verbose addLocalTarball adding from inside cache C:\Users\liph\AppData\Roaming\npm-cache\vpost\0.0.3\package.tgz
16 verbose correctMkdir C:\Users\liph\AppData\Roaming\npm-cache correctMkdir not in flight; initializing
17 silly cache afterAdd vpost@0.0.3
18 verbose afterAdd C:\Users\liph\AppData\Roaming\npm-cache\vpost\0.0.3\package\package.json not in flight; writing
19 verbose correctMkdir C:\Users\liph\AppData\Roaming\npm-cache correctMkdir not in flight; initializing
20 verbose afterAdd C:\Users\liph\AppData\Roaming\npm-cache\vpost\0.0.3\package\package.json written
21 silly publish { name: 'vpost',
21 silly publish   version: '0.0.3',
21 silly publish   description: 'An easy module for frontend engineer to create temporary API with node.js.本模块适用于前端工程师创建临时接口用于调试代码。',
21 silly publish   main: 'test.js',
21 silly publish   directories: { test: 'test/test' },
21 silly publish   scripts: { test: 'echo "Error: no test specified" && exit 1' },
21 silly publish   repository:
21 silly publish    { type: 'git',
21 silly publish      url: 'git+https://github.com/LiPinghai/VPost.git' },
21 silly publish   author: { name: 'LiPinghai' },
21 silly publish   license: 'ISC',
21 silly publish   bugs: { url: 'https://github.com/LiPinghai/VPost/issues' },
21 silly publish   readme: 'ERROR: No README data found!',
21 silly publish   homepage: 'https://github.com/LiPinghai/VPost#readme',
21 silly publish   _id: 'vpost@0.0.3',
21 silly publish   _shasum: '8b60dbcc06201c308773a7621dc1abbb92952990',
21 silly publish   _from: '.' }
22 verbose getPublishConfig undefined
23 silly mapToRegistry name vpost
24 silly mapToRegistry using default registry
25 silly mapToRegistry registry https://registry.npmjs.org/
26 silly mapToRegistry uri https://registry.npmjs.org/vpost
27 verbose publish registryBase https://registry.npmjs.org/
28 silly publish uploading C:\Users\liph\AppData\Roaming\npm-cache\vpost\0.0.3\package.tgz
29 verbose request uri https://registry.npmjs.org/vpost
30 verbose request sending authorization for write operation
31 info attempt registry request try #1 at 16:19:35
32 verbose request using bearer token for auth
33 verbose request id 96e2b1c56883948e
34 http request PUT https://registry.npmjs.org/vpost
35 http 403 https://registry.npmjs.org/vpost
36 verbose headers { 'content-type': 'application/json',
36 verbose headers   'cache-control': 'max-age=300',
36 verbose headers   'content-length': '95',
36 verbose headers   'accept-ranges': 'bytes',
36 verbose headers   date: 'Thu, 26 May 2016 08:19:37 GMT',
36 verbose headers   via: '1.1 varnish',
36 verbose headers   connection: 'keep-alive',
36 verbose headers   'x-served-by': 'cache-iad2129-IAD',
36 verbose headers   'x-cache': 'MISS',
36 verbose headers   'x-cache-hits': '0',
36 verbose headers   'x-timer': 'S1464250776.834045,VS0,VE639',
36 verbose headers   vary: 'Accept-Encoding' }
37 verbose request invalidating C:\Users\liph\AppData\Roaming\npm-cache\registry.npmjs.org\vpost on PUT
38 error publish Failed PUT 403
39 verbose stack Error: "You cannot publish over the previously published version 0.0.3." : vpost
39 verbose stack     at makeError (C:\Program Files\nodejs\node_modules\npm\node_modules\npm-registry-client\lib\request.js:264:12)
39 verbose stack     at CachingRegistryClient.<anonymous> (C:\Program Files\nodejs\node_modules\npm\node_modules\npm-registry-client\lib\request.js:252:14)
39 verbose stack     at Request._callback (C:\Program Files\nodejs\node_modules\npm\node_modules\npm-registry-client\lib\request.js:172:14)
39 verbose stack     at Request.self.callback (C:\Program Files\nodejs\node_modules\npm\node_modules\request\request.js:199:22)
39 verbose stack     at emitTwo (events.js:100:13)
39 verbose stack     at Request.emit (events.js:185:7)
39 verbose stack     at Request.<anonymous> (C:\Program Files\nodejs\node_modules\npm\node_modules\request\request.js:1036:10)
39 verbose stack     at emitOne (events.js:95:20)
39 verbose stack     at Request.emit (events.js:182:7)
39 verbose stack     at IncomingMessage.<anonymous> (C:\Program Files\nodejs\node_modules\npm\node_modules\request\request.js:963:12)
40 verbose statusCode 403
41 verbose pkgid vpost
42 verbose cwd E:\HBuilderProject\VPost
43 error Windows_NT 6.1.7601
44 error argv "C:\\Program Files\\nodejs\\node.exe" "C:\\Program Files\\nodejs\\node_modules\\npm\\bin\\npm-cli.js" "publish"
45 error node v5.9.1
46 error npm  v3.7.3
47 error code E403
48 error "You cannot publish over the previously published version 0.0.3." : vpost
49 error If you need help, you may report this error at:
49 error     <https://github.com/npm/npm/issues>
50 verbose exit [ 1, true ]
